<?xml version="1.0" encoding="UTF-8"?>
<coverage generated="1724680393230" clover="3.2.0">
  <project timestamp="1724680393230" name="All files">
    <metrics statements="6" coveredstatements="5" conditionals="0" coveredconditionals="0" methods="3" coveredmethods="2" elements="9" coveredelements="7" complexity="0" loc="6" ncloc="6" packages="1" files="2" classes="2"/>
    <file name="ProductCard.jsx" path="C:\Users\eyall\Desktop\rrd-unittesting\src\pages\product\ProductCard.jsx">
      <metrics statements="1" coveredstatements="1" conditionals="0" coveredconditionals="0" methods="1" coveredmethods="1"/>
      <line num="5" count="3" type="stmt"/>
    </file>
    <file name="ProductPage.jsx" path="C:\Users\eyall\Desktop\rrd-unittesting\src\pages\product\ProductPage.jsx">
      <metrics statements="5" coveredstatements="4" conditionals="0" coveredconditionals="0" methods="2" coveredmethods="1"/>
      <line num="6" count="1" type="stmt"/>
      <line num="11" count="1" type="stmt"/>
      <line num="13" count="1" type="stmt"/>
      <line num="34" count="1" type="stmt"/>
      <line num="39" count="0" type="stmt"/>
    </file>
  </project>
</coverage>
