{"C:\\Users\\eyall\\Desktop\\rrd-unittesting\\src\\pages\\product\\ProductCard.jsx": {"path":"C:\\Users\\eyall\\Desktop\\rrd-unittesting\\src\\pages\\product\\ProductCard.jsx","statementMap":{"0":{"start":{"line":5,"column":2},"end":{"line":36,"column":4}}},"fnMap":{"0":{"name":"ProductCard","decl":{"start":{"line":4,"column":9},"end":{"line":4,"column":20}},"loc":{"start":{"line":4,"column":44},"end":{"line":37,"column":1}},"line":4}},"branchMap":{},"s":{"0":3},"f":{"0":3},"b":{},"_coverageSchema":"1a1c01bbd47fc00a2c39e90264f33305004495a9","hash":"8342f1c864b1af573aefd23fd492ddc1df6236db"}
,"C:\\Users\\eyall\\Desktop\\rrd-unittesting\\src\\pages\\product\\ProductPage.jsx": {"path":"C:\\Users\\eyall\\Desktop\\rrd-unittesting\\src\\pages\\product\\ProductPage.jsx","statementMap":{"0":{"start":{"line":6,"column":12},"end":{"line":6,"column":47}},"1":{"start":{"line":11,"column":19},"end":{"line":11,"column":32}},"2":{"start":{"line":13,"column":20},"end":{"line":13,"column":33}},"3":{"start":{"line":34,"column":2},"end":{"line":47,"column":4}},"4":{"start":{"line":39,"column":10},"end":{"line":39,"column":72}}},"fnMap":{"0":{"name":"ProductPage","decl":{"start":{"line":8,"column":9},"end":{"line":8,"column":20}},"loc":{"start":{"line":8,"column":23},"end":{"line":48,"column":1}},"line":8},"1":{"name":"(anonymous_1)","decl":{"start":{"line":38,"column":17},"end":{"line":38,"column":18}},"loc":{"start":{"line":39,"column":10},"end":{"line":39,"column":72}},"line":39}},"branchMap":{},"s":{"0":1,"1":1,"2":1,"3":1,"4":0},"f":{"0":1,"1":0},"b":{},"_coverageSchema":"1a1c01bbd47fc00a2c39e90264f33305004495a9","hash":"cd9e8b23e9514a8a4a22d3e55f03731384a64bcf"}
}
